#
# There is insufficient memory for the Java Runtime Environment to continue.
# Native memory allocation (malloc) failed to allocate 32744 bytes for Chunk::new
# Possible reasons:
#   The system is out of physical RAM or swap space
#   The process is running with CompressedOops enabled, and the Java Heap may be blocking the growth of the native heap
# Possible solutions:
#   Reduce memory load on the system
#   Increase physical memory or swap space
#   Check if swap backing store is full
#   Decrease Java heap size (-Xmx/-Xms)
#   Decrease number of Java threads
#   Decrease Java thread stack sizes (-Xss)
#   Set larger code cache with -XX:ReservedCodeCacheSize=
#   JVM is running with Unscaled Compressed Oops mode in which the Java heap is
#     placed in the first 4GB address space. The Java Heap base address is the
#     maximum limit for the native heap growth. Please use -XX:HeapBaseMinAddress
#     to set the Java Heap base and to place the Java Heap above 4GB virtual address.
# This output file may be truncated or incomplete.
#
#  Out of Memory Error (arena.cpp:184), pid=17980, tid=24676
#
# JRE version: Java(TM) SE Runtime Environment (18.0.1.1+2) (build 18.0.1.1+2-6)
# Java VM: Java HotSpot(TM) 64-Bit Server VM (18.0.1.1+2-6, mixed mode, sharing, tiered, compressed oops, compressed class ptrs, g1 gc, windows-amd64)
# No core dump will be written. Minidumps are not enabled by default on client versions of Windows
#

---------------  S U M M A R Y ------------

Command Line: -javaagent:C:\Program Files\JetBrains\IntelliJ IDEA Community Edition 2022.2.3\lib\idea_rt.jar=57147:C:\Program Files\JetBrains\IntelliJ IDEA Community Edition 2022.2.3\bin -Dfile.encoding=UTF-8 -Dsun.stdout.encoding=UTF-8 -Dsun.stderr.encoding=UTF-8 automatizare.mihai.delazero

Host: Intel(R) Core(TM) i7-6500U CPU @ 2.50GHz, 4 cores, 7G,  Windows 10 , 64 bit Build 19041 (10.0.19041.2251)
Time: Sun Nov 27 15:12:52 2022 GTB, ors 10 , 64 bit Build 19041 (10.0.19041.2251) elapsed time: 6.728973 seconds (0d 0h 0m 6s)

---------------  T H R E A D  ---------------

Current thread (0x000001aa5a94bc80):  JavaThread "C2 CompilerThread0" daemon [_thread_in_native, id=24676, stack(0x0000003acab00000,0x0000003acac00000)]


Current CompileTask:
C2:   6729 1818       4       java.lang.invoke.MethodType::makeImpl (109 bytes)

Stack: [0x0000003acab00000,0x0000003acac00000]
Native frames: (J=compiled Java code, j=interpreted, Vv=VM code, C=native code)
V  [jvm.dll+0x69887a]
V  [jvm.dll+0x7f38bd]
V  [jvm.dll+0x7f51ce]
V  [jvm.dll+0x7f5883]
V  [jvm.dll+0x25ca3f]
V  [jvm.dll+0xb8c2f]
V  [jvm.dll+0xb8fa5]
V  [jvm.dll+0x6785a6]
V  [jvm.dll+0x838ec]
V  [jvm.dll+0x3822c0]
V  [jvm.dll+0x382cd0]
V  [jvm.dll+0x2edccb]
V  [jvm.dll+0x2eea36]
V  [jvm.dll+0x65f8c7]
V  [jvm.dll+0x12a3bc]
V  [jvm.dll+0x35f5f6]
V  [jvm.dll+0x6b4156]
V  [jvm.dll+0x6b34b2]
V  [jvm.dll+0x6ae9f8]
V  [jvm.dll+0x6a8c3b]
V  [jvm.dll+0x6a8275]
V  [jvm.dll+0x6a612b]
V  [jvm.dll+0x1bce5c]
V  [jvm.dll+0x2c6b58]
V  [jvm.dll+0x6b0b0e]
V  [jvm.dll+0x6a8c3b]
V  [jvm.dll+0x6a8275]
V  [jvm.dll+0x6a612b]
V  [jvm.dll+0x1bce5c]
V  [jvm.dll+0x2c6b58]
V  [jvm.dll+0x6b0b0e]
V  [jvm.dll+0x6a8c3b]
V  [jvm.dll+0x6a8275]
V  [jvm.dll+0x6a612b]
V  [jvm.dll+0x1bce5c]
V  [jvm.dll+0x22ebb8]
V  [jvm.dll+0x1b9cfc]
V  [jvm.dll+0x23e8ca]
V  [jvm.dll+0x23cbb5]
V  [jvm.dll+0x7a5fb1]
V  [jvm.dll+0x7a03ea]
V  [jvm.dll+0x697725]
C  [ucrtbase.dll+0x21bb2]
C  [KERNEL32.DLL+0x174b4]
C  [ntdll.dll+0x526a1]


---------------  P R O C E S S  ---------------

Threads class SMR info:
_java_thread_list=0x000001aa5fb95680, length=25, elements={
0x000001aa5a926c70, 0x000001aa5a927f80, 0x000001aa5a942f40, 0x000001aa5a944800,
0x000001aa5a945850, 0x000001aa5a9469e0, 0x000001aa5a94bc80, 0x000001aa5a96c6c0,
0x000001aa5a970770, 0x000001aa5ec71250, 0x000001aa5ede6a30, 0x000001aa5ede6ef0,
0x000001aa5ed58030, 0x000001aa5ed5df30, 0x000001aa5f97f7c0, 0x000001aa5f9a8780,
0x000001aa5f8bf0f0, 0x000001aa5f8e1620, 0x000001aa5f9b6e90, 0x000001aa5f97ada0,
0x000001aa5f978250, 0x000001aa5f97a400, 0x000001aa5f9790c0, 0x000001aa5f9773e0,
0x000001aa5f97a8d0
}

Java Threads: ( => current thread )
  0x000001aa5a926c70 JavaThread "Reference Handler" daemon [_thread_blocked, id=32936, stack(0x0000003aca500000,0x0000003aca600000)]
  0x000001aa5a927f80 JavaThread "Finalizer" daemon [_thread_blocked, id=30476, stack(0x0000003aca600000,0x0000003aca700000)]
  0x000001aa5a942f40 JavaThread "Signal Dispatcher" daemon [_thread_blocked, id=21908, stack(0x0000003aca700000,0x0000003aca800000)]
  0x000001aa5a944800 JavaThread "Attach Listener" daemon [_thread_blocked, id=14948, stack(0x0000003aca800000,0x0000003aca900000)]
  0x000001aa5a945850 JavaThread "Service Thread" daemon [_thread_blocked, id=14704, stack(0x0000003aca900000,0x0000003acaa00000)]
  0x000001aa5a9469e0 JavaThread "Monitor Deflation Thread" daemon [_thread_blocked, id=6772, stack(0x0000003acaa00000,0x0000003acab00000)]
=>0x000001aa5a94bc80 JavaThread "C2 CompilerThread0" daemon [_thread_in_native, id=24676, stack(0x0000003acab00000,0x0000003acac00000)]
  0x000001aa5a96c6c0 JavaThread "C1 CompilerThread0" daemon [_thread_in_native, id=24996, stack(0x0000003acac00000,0x0000003acad00000)]
  0x000001aa5a970770 JavaThread "Sweeper thread" daemon [_thread_blocked, id=10820, stack(0x0000003acad00000,0x0000003acae00000)]
  0x000001aa5ec71250 JavaThread "Common-Cleaner" daemon [_thread_blocked, id=31972, stack(0x0000003acae00000,0x0000003acaf00000)]
  0x000001aa5ede6a30 JavaThread "Monitor Ctrl-Break" daemon [_thread_in_native, id=32560, stack(0x0000003acaf00000,0x0000003acb000000)]
  0x000001aa5ede6ef0 JavaThread "Notification Thread" daemon [_thread_blocked, id=13960, stack(0x0000003acb000000,0x0000003acb100000)]
  0x000001aa5ed58030 JavaThread "ForkJoinPool.commonPool-worker-1" daemon [_thread_blocked, id=22240, stack(0x0000003acb200000,0x0000003acb300000)]
  0x000001aa5ed5df30 JavaThread "AsyncHttpClient-1-1" daemon [_thread_blocked, id=29692, stack(0x0000003acb300000,0x0000003acb400000)]
  0x000001aa5f97f7c0 JavaThread "Exec Default Executor" daemon [_thread_in_native, id=16960, stack(0x0000003acb800000,0x0000003acb900000)]
  0x000001aa5f9a8780 JavaThread "Driver Service Executor" daemon [_thread_blocked, id=24140, stack(0x0000003acb900000,0x0000003acba00000)]
  0x000001aa5f8bf0f0 JavaThread "Driver Service Executor" daemon [_thread_blocked, id=2824, stack(0x0000003acba00000,0x0000003acbb00000)]
  0x000001aa5f8e1620 JavaThread "UrlChecker-2" daemon [_thread_blocked, id=20476, stack(0x0000003acbb00000,0x0000003acbc00000)]
  0x000001aa5f9b6e90 JavaThread "Exec Stream Pumper" daemon [_thread_in_native, id=32748, stack(0x0000003acbc00000,0x0000003acbd00000)]
  0x000001aa5f97ada0 JavaThread "Exec Stream Pumper" daemon [_thread_in_native, id=11056, stack(0x0000003acbd00000,0x0000003acbe00000)]
  0x000001aa5f978250 JavaThread "Keep-Alive-Timer" daemon [_thread_blocked, id=14732, stack(0x0000003acb700000,0x0000003acb800000)]
  0x000001aa5f97a400 JavaThread "AsyncHttpClient-1-2" daemon [_thread_in_native, id=3952, stack(0x0000003acbf00000,0x0000003acc000000)]
  0x000001aa5f9790c0 JavaThread "AsyncHttpClient-1-3" daemon [_thread_in_native, id=30360, stack(0x0000003acc000000,0x0000003acc100000)]
  0x000001aa5f9773e0 JavaThread "AsyncHttpClient-1-4" daemon [_thread_in_native, id=15244, stack(0x0000003acc100000,0x0000003acc200000)]
  0x000001aa5f97a8d0 JavaThread "DestroyJavaVM" [_thread_blocked, id=26748, stack(0x0000003ac9e00000,0x0000003ac9f00000)]

Other Threads:
  0x000001aa5a9235c0 VMThread "VM Thread" [stack: 0x0000003aca400000,0x0000003aca500000] [id=25292]
  0x000001aa5ee12c40 WatcherThread "VM Periodic Task Thread" [stack: 0x0000003acb100000,0x0000003acb200000] [id=6232]
  0x000001aa3d0ce190 WorkerThread "GC Thread#0" [stack: 0x0000003ac9f00000,0x0000003aca000000] [id=27304]
  0x000001aa5efe3c10 WorkerThread "GC Thread#1" [stack: 0x0000003acb400000,0x0000003acb500000] [id=17760]
  0x000001aa5efe3eb0 WorkerThread "GC Thread#2" [stack: 0x0000003acb500000,0x0000003acb600000] [id=31792]
  0x000001aa5efe4530 WorkerThread "GC Thread#3" [stack: 0x0000003acb600000,0x0000003acb700000] [id=19516]
  0x000001aa3d0dfc60 ConcurrentGCThread "G1 Main Marker" [stack: 0x0000003aca000000,0x0000003aca100000] [id=26756]
  0x000001aa3d0e0560 WorkerThread "G1 Conc#0" [stack: 0x0000003aca100000,0x0000003aca200000] [id=24672]
  0x000001aa3d11dcf0 ConcurrentGCThread "G1 Refine#0" [stack: 0x0000003aca200000,0x0000003aca300000] [id=592]
  0x000001aa3d11f520 ConcurrentGCThread "G1 Service" [stack: 0x0000003aca300000,0x0000003aca400000] [id=16440]

Threads with active compile tasks:
C2 CompilerThread0     6819 1818       4       java.lang.invoke.MethodType::makeImpl (109 bytes)
C1 CompilerThread0     6819 1822       3       java.lang.invoke.AbstractValidatingLambdaMetafactory::validateMetafactoryArgs (607 bytes)

VM state: not at safepoint (normal execution)

VM Mutex/Monitor currently owned by a thread: None

Heap address: 0x0000000081c00000, size: 2020 MB, Compressed Oops mode: 32-bit

CDS archive(s) mapped at: [0x0000000800000000-0x0000000800ba0000-0x0000000800ba0000), size 12189696, SharedBaseAddress: 0x0000000800000000, ArchiveRelocationMode: 0.
Compressed class space mapped at: 0x0000000800c00000-0x0000000840c00000, reserved size: 1073741824
Narrow klass base: 0x0000000800000000, Narrow klass shift: 0, Narrow klass range: 0x100000000

GC Precious Log:
 CardTable entry size: 512
 Card Set container configuration: InlinePtr #cards 5 size 8 Array Of Cards #cards 12 size 40 Howl #buckets 4 coarsen threshold 1843 Howl Bitmap #cards 512 size 80 coarsen threshold 460 Card regions per heap region 1 cards per card region 2048
 CPUs: 4 total, 4 available
 Memory: 8075M
 Large Page Support: Disabled
 NUMA Support: Disabled
 Compressed Oops: Enabled (32-bit)
 Heap Region Size: 1M
 Heap Min Capacity: 8M
 Heap Initial Capacity: 128M
 Heap Max Capacity: 2020M
 Pre-touch: Disabled
 Parallel Workers: 4
 Concurrent Workers: 1
 Concurrent Refinement Workers: 4
 Periodic GC: Disabled

Heap:
 garbage-first heap   total 131072K, used 34142K [0x0000000081c00000, 0x0000000100000000)
  region size 1024K, 24 young (24576K), 2 survivors (2048K)
 Metaspace       used 17739K, committed 17920K, reserved 1114112K
  class space    used 2144K, committed 2240K, reserved 1048576K

Heap Regions: E=young(eden), S=young(survivor), O=old, HS=humongous(starts), HC=humongous(continues), CS=collection set, F=free, OA=open archive, CA=closed archive, TAMS=top-at-mark-start (previous, next)
|   0|0x0000000081c00000, 0x0000000081d00000, 0x0000000081d00000|100%|HS|  |TAMS 0x0000000081c00000, 0x0000000081c00000| Complete 
|   1|0x0000000081d00000, 0x0000000081e00000, 0x0000000081e00000|100%|HC|  |TAMS 0x0000000081d00000, 0x0000000081d00000| Complete 
|   2|0x0000000081e00000, 0x0000000081f00000, 0x0000000081f00000|100%| O|  |TAMS 0x0000000081e00000, 0x0000000081e00000| Untracked 
|   3|0x0000000081f00000, 0x0000000082000000, 0x0000000082000000|100%| O|  |TAMS 0x0000000081f00000, 0x0000000081f00000| Untracked 
|   4|0x0000000082000000, 0x0000000082100000, 0x0000000082100000|100%| O|  |TAMS 0x0000000082000000, 0x0000000082000000| Untracked 
|   5|0x0000000082100000, 0x0000000082157800, 0x0000000082200000| 34%| O|  |TAMS 0x0000000082100000, 0x0000000082100000| Untracked 
|   6|0x0000000082200000, 0x0000000082300000, 0x0000000082300000|100%|HS|  |TAMS 0x0000000082200000, 0x0000000082200000| Complete 
|   7|0x0000000082300000, 0x0000000082400000, 0x0000000082400000|100%|HC|  |TAMS 0x0000000082300000, 0x0000000082300000| Complete 
|   8|0x0000000082400000, 0x0000000082500000, 0x0000000082500000|100%|HC|  |TAMS 0x0000000082400000, 0x0000000082400000| Complete 
|   9|0x0000000082500000, 0x0000000082600000, 0x0000000082600000|100%|HC|  |TAMS 0x0000000082500000, 0x0000000082500000| Complete 
|  10|0x0000000082600000, 0x0000000082700000, 0x0000000082700000|100%|HC|  |TAMS 0x0000000082600000, 0x0000000082600000| Complete 
|  11|0x0000000082700000, 0x0000000082700000, 0x0000000082800000|  0%| F|  |TAMS 0x0000000082700000, 0x0000000082700000| Untracked 
|  12|0x0000000082800000, 0x0000000082800000, 0x0000000082900000|  0%| F|  |TAMS 0x0000000082800000, 0x0000000082800000| Untracked 
|  13|0x0000000082900000, 0x0000000082900000, 0x0000000082a00000|  0%| F|  |TAMS 0x0000000082900000, 0x0000000082900000| Untracked 
|  14|0x0000000082a00000, 0x0000000082a00000, 0x0000000082b00000|  0%| F|  |TAMS 0x0000000082a00000, 0x0000000082a00000| Untracked 
|  15|0x0000000082b00000, 0x0000000082b00000, 0x0000000082c00000|  0%| F|  |TAMS 0x0000000082b00000, 0x0000000082b00000| Untracked 
|  16|0x0000000082c00000, 0x0000000082c00000, 0x0000000082d00000|  0%| F|  |TAMS 0x0000000082c00000, 0x0000000082c00000| Untracked 
|  17|0x0000000082d00000, 0x0000000082d00000, 0x0000000082e00000|  0%| F|  |TAMS 0x0000000082d00000, 0x0000000082d00000| Untracked 
|  18|0x0000000082e00000, 0x0000000082e00000, 0x0000000082f00000|  0%| F|  |TAMS 0x0000000082e00000, 0x0000000082e00000| Untracked 
|  19|0x0000000082f00000, 0x0000000082f00000, 0x0000000083000000|  0%| F|  |TAMS 0x0000000082f00000, 0x0000000082f00000| Untracked 
|  20|0x0000000083000000, 0x0000000083000000, 0x0000000083100000|  0%| F|  |TAMS 0x0000000083000000, 0x0000000083000000| Untracked 
|  21|0x0000000083100000, 0x0000000083100000, 0x0000000083200000|  0%| F|  |TAMS 0x0000000083100000, 0x0000000083100000| Untracked 
|  22|0x0000000083200000, 0x0000000083200000, 0x0000000083300000|  0%| F|  |TAMS 0x0000000083200000, 0x0000000083200000| Untracked 
|  23|0x0000000083300000, 0x0000000083300000, 0x0000000083400000|  0%| F|  |TAMS 0x0000000083300000, 0x0000000083300000| Untracked 
|  24|0x0000000083400000, 0x0000000083400000, 0x0000000083500000|  0%| F|  |TAMS 0x0000000083400000, 0x0000000083400000| Untracked 
|  25|0x0000000083500000, 0x0000000083500000, 0x0000000083600000|  0%| F|  |TAMS 0x0000000083500000, 0x0000000083500000| Untracked 
|  26|0x0000000083600000, 0x0000000083600000, 0x0000000083700000|  0%| F|  |TAMS 0x0000000083600000, 0x0000000083600000| Untracked 
|  27|0x0000000083700000, 0x0000000083700000, 0x0000000083800000|  0%| F|  |TAMS 0x0000000083700000, 0x0000000083700000| Untracked 
|  28|0x0000000083800000, 0x0000000083800000, 0x0000000083900000|  0%| F|  |TAMS 0x0000000083800000, 0x0000000083800000| Untracked 
|  29|0x0000000083900000, 0x0000000083900000, 0x0000000083a00000|  0%| F|  |TAMS 0x0000000083900000, 0x0000000083900000| Untracked 
|  30|0x0000000083a00000, 0x0000000083a00000, 0x0000000083b00000|  0%| F|  |TAMS 0x0000000083a00000, 0x0000000083a00000| Untracked 
|  31|0x0000000083b00000, 0x0000000083b00000, 0x0000000083c00000|  0%| F|  |TAMS 0x0000000083b00000, 0x0000000083b00000| Untracked 
|  32|0x0000000083c00000, 0x0000000083c00000, 0x0000000083d00000|  0%| F|  |TAMS 0x0000000083c00000, 0x0000000083c00000| Untracked 
|  33|0x0000000083d00000, 0x0000000083d00000, 0x0000000083e00000|  0%| F|  |TAMS 0x0000000083d00000, 0x0000000083d00000| Untracked 
|  34|0x0000000083e00000, 0x0000000083e00000, 0x0000000083f00000|  0%| F|  |TAMS 0x0000000083e00000, 0x0000000083e00000| Untracked 
|  35|0x0000000083f00000, 0x0000000083f00000, 0x0000000084000000|  0%| F|  |TAMS 0x0000000083f00000, 0x0000000083f00000| Untracked 
|  36|0x0000000084000000, 0x0000000084000000, 0x0000000084100000|  0%| F|  |TAMS 0x0000000084000000, 0x0000000084000000| Untracked 
|  37|0x0000000084100000, 0x0000000084100000, 0x0000000084200000|  0%| F|  |TAMS 0x0000000084100000, 0x0000000084100000| Untracked 
|  38|0x0000000084200000, 0x0000000084200000, 0x0000000084300000|  0%| F|  |TAMS 0x0000000084200000, 0x0000000084200000| Untracked 
|  39|0x0000000084300000, 0x0000000084300000, 0x0000000084400000|  0%| F|  |TAMS 0x0000000084300000, 0x0000000084300000| Untracked 
|  40|0x0000000084400000, 0x0000000084400000, 0x0000000084500000|  0%| F|  |TAMS 0x0000000084400000, 0x0000000084400000| Untracked 
|  41|0x0000000084500000, 0x0000000084500000, 0x0000000084600000|  0%| F|  |TAMS 0x0000000084500000, 0x0000000084500000| Untracked 
|  42|0x0000000084600000, 0x0000000084600000, 0x0000000084700000|  0%| F|  |TAMS 0x0000000084600000, 0x0000000084600000| Untracked 
|  43|0x0000000084700000, 0x0000000084700000, 0x0000000084800000|  0%| F|  |TAMS 0x0000000084700000, 0x0000000084700000| Untracked 
|  44|0x0000000084800000, 0x0000000084800000, 0x0000000084900000|  0%| F|  |TAMS 0x0000000084800000, 0x0000000084800000| Untracked 
|  45|0x0000000084900000, 0x0000000084900000, 0x0000000084a00000|  0%| F|  |TAMS 0x0000000084900000, 0x0000000084900000| Untracked 
|  46|0x0000000084a00000, 0x0000000084a00000, 0x0000000084b00000|  0%| F|  |TAMS 0x0000000084a00000, 0x0000000084a00000| Untracked 
|  47|0x0000000084b00000, 0x0000000084b00000, 0x0000000084c00000|  0%| F|  |TAMS 0x0000000084b00000, 0x0000000084b00000| Untracked 
|  48|0x0000000084c00000, 0x0000000084c00000, 0x0000000084d00000|  0%| F|  |TAMS 0x0000000084c00000, 0x0000000084c00000| Untracked 
|  49|0x0000000084d00000, 0x0000000084d00000, 0x0000000084e00000|  0%| F|  |TAMS 0x0000000084d00000, 0x0000000084d00000| Untracked 
|  50|0x0000000084e00000, 0x0000000084e00000, 0x0000000084f00000|  0%| F|  |TAMS 0x0000000084e00000, 0x0000000084e00000| Untracked 
|  51|0x0000000084f00000, 0x0000000084f00000, 0x0000000085000000|  0%| F|  |TAMS 0x0000000084f00000, 0x0000000084f00000| Untracked 
|  52|0x0000000085000000, 0x0000000085000000, 0x0000000085100000|  0%| F|  |TAMS 0x0000000085000000, 0x0000000085000000| Untracked 
|  53|0x0000000085100000, 0x0000000085100000, 0x0000000085200000|  0%| F|  |TAMS 0x0000000085100000, 0x0000000085100000| Untracked 
|  54|0x0000000085200000, 0x0000000085200000, 0x0000000085300000|  0%| F|  |TAMS 0x0000000085200000, 0x0000000085200000| Untracked 
|  55|0x0000000085300000, 0x0000000085300000, 0x0000000085400000|  0%| F|  |TAMS 0x0000000085300000, 0x0000000085300000| Untracked 
|  56|0x0000000085400000, 0x0000000085400000, 0x0000000085500000|  0%| F|  |TAMS 0x0000000085400000, 0x0000000085400000| Untracked 
|  57|0x0000000085500000, 0x0000000085500000, 0x0000000085600000|  0%| F|  |TAMS 0x0000000085500000, 0x0000000085500000| Untracked 
|  58|0x0000000085600000, 0x0000000085600000, 0x0000000085700000|  0%| F|  |TAMS 0x0000000085600000, 0x0000000085600000| Untracked 
|  59|0x0000000085700000, 0x0000000085700000, 0x0000000085800000|  0%| F|  |TAMS 0x0000000085700000, 0x0000000085700000| Untracked 
|  60|0x0000000085800000, 0x0000000085800000, 0x0000000085900000|  0%| F|  |TAMS 0x0000000085800000, 0x0000000085800000| Untracked 
|  61|0x0000000085900000, 0x0000000085900000, 0x0000000085a00000|  0%| F|  |TAMS 0x0000000085900000, 0x0000000085900000| Untracked 
|  62|0x0000000085a00000, 0x0000000085a00000, 0x0000000085b00000|  0%| F|  |TAMS 0x0000000085a00000, 0x0000000085a00000| Untracked 
|  63|0x0000000085b00000, 0x0000000085b00000, 0x0000000085c00000|  0%| F|  |TAMS 0x0000000085b00000, 0x0000000085b00000| Untracked 
|  64|0x0000000085c00000, 0x0000000085c00000, 0x0000000085d00000|  0%| F|  |TAMS 0x0000000085c00000, 0x0000000085c00000| Untracked 
|  65|0x0000000085d00000, 0x0000000085d00000, 0x0000000085e00000|  0%| F|  |TAMS 0x0000000085d00000, 0x0000000085d00000| Untracked 
|  66|0x0000000085e00000, 0x0000000085e00000, 0x0000000085f00000|  0%| F|  |TAMS 0x0000000085e00000, 0x0000000085e00000| Untracked 
|  67|0x0000000085f00000, 0x0000000085f00000, 0x0000000086000000|  0%| F|  |TAMS 0x0000000085f00000, 0x0000000085f00000| Untracked 
|  68|0x0000000086000000, 0x0000000086000000, 0x0000000086100000|  0%| F|  |TAMS 0x0000000086000000, 0x0000000086000000| Untracked 
|  69|0x0000000086100000, 0x0000000086100000, 0x0000000086200000|  0%| F|  |TAMS 0x0000000086100000, 0x0000000086100000| Untracked 
|  70|0x0000000086200000, 0x0000000086200000, 0x0000000086300000|  0%| F|  |TAMS 0x0000000086200000, 0x0000000086200000| Untracked 
|  71|0x0000000086300000, 0x0000000086300000, 0x0000000086400000|  0%| F|  |TAMS 0x0000000086300000, 0x0000000086300000| Untracked 
|  72|0x0000000086400000, 0x0000000086400000, 0x0000000086500000|  0%| F|  |TAMS 0x0000000086400000, 0x0000000086400000| Untracked 
|  73|0x0000000086500000, 0x0000000086500000, 0x0000000086600000|  0%| F|  |TAMS 0x0000000086500000, 0x0000000086500000| Untracked 
|  74|0x0000000086600000, 0x0000000086600000, 0x0000000086700000|  0%| F|  |TAMS 0x0000000086600000, 0x0000000086600000| Untracked 
|  75|0x0000000086700000, 0x0000000086700000, 0x0000000086800000|  0%| F|  |TAMS 0x0000000086700000, 0x0000000086700000| Untracked 
|  76|0x0000000086800000, 0x0000000086800000, 0x0000000086900000|  0%| F|  |TAMS 0x0000000086800000, 0x0000000086800000| Untracked 
|  77|0x0000000086900000, 0x0000000086900000, 0x0000000086a00000|  0%| F|  |TAMS 0x0000000086900000, 0x0000000086900000| Untracked 
|  78|0x0000000086a00000, 0x0000000086a00000, 0x0000000086b00000|  0%| F|  |TAMS 0x0000000086a00000, 0x0000000086a00000| Untracked 
|  79|0x0000000086b00000, 0x0000000086b00000, 0x0000000086c00000|  0%| F|  |TAMS 0x0000000086b00000, 0x0000000086b00000| Untracked 
|  80|0x0000000086c00000, 0x0000000086c00000, 0x0000000086d00000|  0%| F|  |TAMS 0x0000000086c00000, 0x0000000086c00000| Untracked 
|  81|0x0000000086d00000, 0x0000000086d00000, 0x0000000086e00000|  0%| F|  |TAMS 0x0000000086d00000, 0x0000000086d00000| Untracked 
|  82|0x0000000086e00000, 0x0000000086e00000, 0x0000000086f00000|  0%| F|  |TAMS 0x0000000086e00000, 0x0000000086e00000| Untracked 
|  83|0x0000000086f00000, 0x0000000086f00000, 0x0000000087000000|  0%| F|  |TAMS 0x0000000086f00000, 0x0000000086f00000| Untracked 
|  84|0x0000000087000000, 0x0000000087000000, 0x0000000087100000|  0%| F|  |TAMS 0x0000000087000000, 0x0000000087000000| Untracked 
|  85|0x0000000087100000, 0x0000000087100000, 0x0000000087200000|  0%| F|  |TAMS 0x0000000087100000, 0x0000000087100000| Untracked 
|  86|0x0000000087200000, 0x0000000087200000, 0x0000000087300000|  0%| F|  |TAMS 0x0000000087200000, 0x0000000087200000| Untracked 
|  87|0x0000000087300000, 0x0000000087300000, 0x0000000087400000|  0%| F|  |TAMS 0x0000000087300000, 0x0000000087300000| Untracked 
|  88|0x0000000087400000, 0x0000000087400000, 0x0000000087500000|  0%| F|  |TAMS 0x0000000087400000, 0x0000000087400000| Untracked 
|  89|0x0000000087500000, 0x0000000087500000, 0x0000000087600000|  0%| F|  |TAMS 0x0000000087500000, 0x0000000087500000| Untracked 
|  90|0x0000000087600000, 0x0000000087600000, 0x0000000087700000|  0%| F|  |TAMS 0x0000000087600000, 0x0000000087600000| Untracked 
|  91|0x0000000087700000, 0x0000000087700000, 0x0000000087800000|  0%| F|  |TAMS 0x0000000087700000, 0x0000000087700000| Untracked 
|  92|0x0000000087800000, 0x0000000087800000, 0x0000000087900000|  0%| F|  |TAMS 0x0000000087800000, 0x0000000087800000| Untracked 
|  93|0x0000000087900000, 0x0000000087900000, 0x0000000087a00000|  0%| F|  |TAMS 0x0000000087900000, 0x0000000087900000| Untracked 
|  94|0x0000000087a00000, 0x0000000087a00000, 0x0000000087b00000|  0%| F|  |TAMS 0x0000000087a00000, 0x0000000087a00000| Untracked 
|  95|0x0000000087b00000, 0x0000000087b00000, 0x0000000087c00000|  0%| F|  |TAMS 0x0000000087b00000, 0x0000000087b00000| Untracked 
|  96|0x0000000087c00000, 0x0000000087c00000, 0x0000000087d00000|  0%| F|  |TAMS 0x0000000087c00000, 0x0000000087c00000| Untracked 
|  97|0x0000000087d00000, 0x0000000087d00000, 0x0000000087e00000|  0%| F|  |TAMS 0x0000000087d00000, 0x0000000087d00000| Untracked 
|  98|0x0000000087e00000, 0x0000000087e00000, 0x0000000087f00000|  0%| F|  |TAMS 0x0000000087e00000, 0x0000000087e00000| Untracked 
|  99|0x0000000087f00000, 0x0000000087f00000, 0x0000000088000000|  0%| F|  |TAMS 0x0000000087f00000, 0x0000000087f00000| Untracked 
| 100|0x0000000088000000, 0x0000000088000000, 0x0000000088100000|  0%| F|  |TAMS 0x0000000088000000, 0x0000000088000000| Untracked 
| 101|0x0000000088100000, 0x0000000088100000, 0x0000000088200000|  0%| F|  |TAMS 0x0000000088100000, 0x0000000088100000| Untracked 
| 102|0x0000000088200000, 0x0000000088200000, 0x0000000088300000|  0%| F|  |TAMS 0x0000000088200000, 0x0000000088200000| Untracked 
| 103|0x0000000088300000, 0x0000000088300000, 0x0000000088400000|  0%| F|  |TAMS 0x0000000088300000, 0x0000000088300000| Untracked 
| 104|0x0000000088400000, 0x0000000088400800, 0x0000000088500000|  0%| E|  |TAMS 0x0000000088400000, 0x0000000088400000| Complete 
| 105|0x0000000088500000, 0x0000000088600000, 0x0000000088600000|100%| E|CS|TAMS 0x0000000088500000, 0x0000000088500000| Complete 
| 106|0x0000000088600000, 0x0000000088700000, 0x0000000088700000|100%| E|CS|TAMS 0x0000000088600000, 0x0000000088600000| Complete 
| 107|0x0000000088700000, 0x0000000088800000, 0x0000000088800000|100%| E|CS|TAMS 0x0000000088700000, 0x0000000088700000| Complete 
| 108|0x0000000088800000, 0x0000000088900000, 0x0000000088900000|100%| E|CS|TAMS 0x0000000088800000, 0x0000000088800000| Complete 
| 109|0x0000000088900000, 0x0000000088a00000, 0x0000000088a00000|100%| E|CS|TAMS 0x0000000088900000, 0x0000000088900000| Complete 
| 110|0x0000000088a00000, 0x0000000088b00000, 0x0000000088b00000|100%| E|CS|TAMS 0x0000000088a00000, 0x0000000088a00000| Complete 
| 111|0x0000000088b00000, 0x0000000088c00000, 0x0000000088c00000|100%| E|CS|TAMS 0x0000000088b00000, 0x0000000088b00000| Complete 
| 112|0x0000000088c00000, 0x0000000088d00000, 0x0000000088d00000|100%| S|CS|TAMS 0x0000000088c00000, 0x0000000088c00000| Complete 
| 113|0x0000000088d00000, 0x0000000088e00000, 0x0000000088e00000|100%| E|CS|TAMS 0x0000000088d00000, 0x0000000088d00000| Complete 
| 114|0x0000000088e00000, 0x0000000088f00000, 0x0000000088f00000|100%| E|CS|TAMS 0x0000000088e00000, 0x0000000088e00000| Complete 
| 115|0x0000000088f00000, 0x0000000089000000, 0x0000000089000000|100%| S|CS|TAMS 0x0000000088f00000, 0x0000000088f00000| Complete 
| 116|0x0000000089000000, 0x0000000089100000, 0x0000000089100000|100%| E|CS|TAMS 0x0000000089000000, 0x0000000089000000| Complete 
| 117|0x0000000089100000, 0x0000000089200000, 0x0000000089200000|100%| E|CS|TAMS 0x0000000089100000, 0x0000000089100000| Complete 
| 118|0x0000000089200000, 0x0000000089300000, 0x0000000089300000|100%| E|CS|TAMS 0x0000000089200000, 0x0000000089200000| Complete 
| 119|0x0000000089300000, 0x0000000089400000, 0x0000000089400000|100%| E|CS|TAMS 0x0000000089300000, 0x0000000089300000| Complete 
| 120|0x0000000089400000, 0x0000000089500000, 0x0000000089500000|100%| E|CS|TAMS 0x0000000089400000, 0x0000000089400000| Complete 
| 121|0x0000000089500000, 0x0000000089600000, 0x0000000089600000|100%| E|CS|TAMS 0x0000000089500000, 0x0000000089500000| Complete 
| 122|0x0000000089600000, 0x0000000089700000, 0x0000000089700000|100%| E|CS|TAMS 0x0000000089600000, 0x0000000089600000| Complete 
| 123|0x0000000089700000, 0x0000000089800000, 0x0000000089800000|100%| E|CS|TAMS 0x0000000089700000, 0x0000000089700000| Complete 
| 124|0x0000000089800000, 0x0000000089900000, 0x0000000089900000|100%| E|CS|TAMS 0x0000000089800000, 0x0000000089800000| Complete 
| 125|0x0000000089900000, 0x0000000089a00000, 0x0000000089a00000|100%| E|CS|TAMS 0x0000000089900000, 0x0000000089900000| Complete 
| 126|0x0000000089a00000, 0x0000000089b00000, 0x0000000089b00000|100%| E|CS|TAMS 0x0000000089a00000, 0x0000000089a00000| Complete 
| 127|0x0000000089b00000, 0x0000000089c00000, 0x0000000089c00000|100%| E|CS|TAMS 0x0000000089b00000, 0x0000000089b00000| Complete 

Card table byte_map: [0x000001aa53db0000,0x000001aa541b0000] _byte_map_base: 0x000001aa539a2000

Marking Bits (Prev, Next): (CMBitMap*) 0x000001aa3d0cf6b0, (CMBitMap*) 0x000001aa3d0cf6f0
 Prev Bits: [0x000001aa545b0000, 0x000001aa56540000)
 Next Bits: [0x000001aa56540000, 0x000001aa584d0000)

Polling page: 0x000001aa3c840000

Metaspace:

Usage:
  Non-class:     15.23 MB used.
      Class:      2.09 MB used.
       Both:     17.32 MB used.

Virtual space:
  Non-class space:       64.00 MB reserved,      15.31 MB ( 24%) committed,  1 nodes.
      Class space:        1.00 GB reserved,       2.19 MB ( <1%) committed,  1 nodes.
             Both:        1.06 GB reserved,      17.50 MB (  2%) committed. 

Chunk freelists:
   Non-Class:  463.00 KB
       Class:  1.81 MB
        Both:  2.26 MB

MaxMetaspaceSize: unlimited
CompressedClassSpaceSize: 1.00 GB
Initial GC threshold: 21.00 MB
Current GC threshold: 21.00 MB
CDS: on
MetaspaceReclaimPolicy: balanced
 - commit_granule_bytes: 65536.
 - commit_granule_words: 8192.
 - virtual_space_node_default_size: 8388608.
 - enlarge_chunks_in_place: 1.
 - new_chunks_are_fully_committed: 0.
 - uncommit_free_chunks: 1.
 - use_allocation_guard: 0.


Internal statistics:

num_allocs_failed_limit: 0.
num_arena_births: 124.
num_arena_deaths: 0.
num_vsnodes_births: 2.
num_vsnodes_deaths: 0.
num_space_committed: 280.
num_space_uncommitted: 0.
num_chunks_returned_to_freelist: 0.
num_chunks_taken_from_freelist: 535.
num_chunk_merges: 0.
num_chunk_splits: 382.
num_chunks_enlarged: 319.
num_inconsistent_stats: 0.

CodeHeap 'non-profiled nmethods': size=120000Kb used=522Kb max_used=522Kb free=119477Kb
 bounds [0x000001aa4c480000, 0x000001aa4c6f0000, 0x000001aa539b0000]
CodeHeap 'profiled nmethods': size=120000Kb used=3545Kb max_used=3545Kb free=116454Kb
 bounds [0x000001aa44f50000, 0x000001aa452d0000, 0x000001aa4c480000]
CodeHeap 'non-nmethods': size=5760Kb used=1266Kb max_used=1275Kb free=4493Kb
 bounds [0x000001aa449b0000, 0x000001aa44c20000, 0x000001aa44f50000]
 total_blobs=2377 nmethods=1816 adapters=473
 compilation: enabled
              stopped_count=0, restarted_count=0
 full_count=0

Compilation events (20 events):
Event: 6.698 Thread 0x000001aa5a96c6c0 1808       3       com.google.common.base.Ascii::isUpperCase (18 bytes)
Event: 6.699 Thread 0x000001aa5a96c6c0 nmethod 1808 0x000001aa452b4b90 code [0x000001aa452b4d20, 0x000001aa452b4e98]
Event: 6.699 Thread 0x000001aa5a96c6c0 1809       3       com.google.common.base.Preconditions::checkArgument (13 bytes)
Event: 6.699 Thread 0x000001aa5a96c6c0 nmethod 1809 0x000001aa452b4f10 code [0x000001aa452b50c0, 0x000001aa452b52a8]
Event: 6.700 Thread 0x000001aa5a96c6c0 1810       3       org.openqa.selenium.json.JsonInput::readString (121 bytes)
Event: 6.701 Thread 0x000001aa5a96c6c0 nmethod 1810 0x000001aa452b5390 code [0x000001aa452b5700, 0x000001aa452b6888]
Event: 6.701 Thread 0x000001aa5a96c6c0 1811       3       java.util.concurrent.atomic.AtomicInteger::incrementAndGet (14 bytes)
Event: 6.701 Thread 0x000001aa5a96c6c0 nmethod 1811 0x000001aa452b6f90 code [0x000001aa452b7120, 0x000001aa452b7238]
Event: 6.707 Thread 0x000001aa5a96c6c0 1812       3       java.lang.invoke.MethodHandleNatives::linkCallSite (65 bytes)
Event: 6.707 Thread 0x000001aa5a96c6c0 nmethod 1812 0x000001aa452b7310 code [0x000001aa452b74e0, 0x000001aa452b7a28]
Event: 6.707 Thread 0x000001aa5a96c6c0 1813       3       java.lang.invoke.MethodHandleNatives::linkCallSiteImpl (44 bytes)
Event: 6.708 Thread 0x000001aa5a96c6c0 nmethod 1813 0x000001aa452b7b90 code [0x000001aa452b7dc0, 0x000001aa452b86d8]
Event: 6.708 Thread 0x000001aa5a96c6c0 1814   !   3       java.lang.invoke.CallSite::makeSite (91 bytes)
Event: 6.708 Thread 0x000001aa5a94bc80 1818       4       java.lang.invoke.MethodType::makeImpl (109 bytes)
Event: 6.709 Thread 0x000001aa5a96c6c0 nmethod 1814 0x000001aa452b8a10 code [0x000001aa452b8d40, 0x000001aa452b9e18]
Event: 6.709 Thread 0x000001aa5a96c6c0 1817       3       java.lang.invoke.ConstantCallSite::<init> (17 bytes)
Event: 6.710 Thread 0x000001aa5a96c6c0 nmethod 1817 0x000001aa452ba910 code [0x000001aa452bab00, 0x000001aa452bb088]
Event: 6.710 Thread 0x000001aa5a96c6c0 1815   !   3       java.lang.invoke.BootstrapMethodInvoker::invoke (974 bytes)
Event: 6.720 Thread 0x000001aa5a96c6c0 nmethod 1815 0x000001aa452bb290 code [0x000001aa452bbb20, 0x000001aa452c3358]
Event: 6.720 Thread 0x000001aa5a96c6c0 1822       3       java.lang.invoke.AbstractValidatingLambdaMetafactory::validateMetafactoryArgs (607 bytes)

GC Heap History (4 events):
Event: 1.219 GC heap before
{Heap before GC invocations=0 (full 0):
 garbage-first heap   total 131072K, used 15360K [0x0000000081c00000, 0x0000000100000000)
  region size 1024K, 13 young (13312K), 0 survivors (0K)
 Metaspace       used 5999K, committed 6144K, reserved 1114112K
  class space    used 696K, committed 768K, reserved 1048576K
}
Event: 1.225 GC heap after
{Heap after GC invocations=1 (full 0):
 garbage-first heap   total 131072K, used 5195K [0x0000000081c00000, 0x0000000100000000)
  region size 1024K, 2 young (2048K), 2 survivors (2048K)
 Metaspace       used 5999K, committed 6144K, reserved 1114112K
  class space    used 696K, committed 768K, reserved 1048576K
}
Event: 1.753 GC heap before
{Heap before GC invocations=1 (full 0):
 garbage-first heap   total 131072K, used 16459K [0x0000000081c00000, 0x0000000100000000)
  region size 1024K, 14 young (14336K), 2 survivors (2048K)
 Metaspace       used 11152K, committed 11328K, reserved 1114112K
  class space    used 1233K, committed 1344K, reserved 1048576K
}
Event: 1.760 GC heap after
{Heap after GC invocations=2 (full 0):
 garbage-first heap   total 131072K, used 7518K [0x0000000081c00000, 0x0000000100000000)
  region size 1024K, 2 young (2048K), 2 survivors (2048K)
 Metaspace       used 11152K, committed 11328K, reserved 1114112K
  class space    used 1233K, committed 1344K, reserved 1048576K
}

Deoptimization events (20 events):
Event: 1.764 Thread 0x000001aa3d06e4a0 DEOPT PACKING pc=0x000001aa4c4e7bc8 sp=0x0000003ac9efd4d0
Event: 1.764 Thread 0x000001aa3d06e4a0 DEOPT UNPACKING pc=0x000001aa44a023a3 sp=0x0000003ac9efd458 mode 2
Event: 1.764 Thread 0x000001aa3d06e4a0 Uncommon trap: trap_request=0xffffffde fr.pc=0x000001aa4c4e7bc8 relative=0x0000000000000128
Event: 1.764 Thread 0x000001aa3d06e4a0 Uncommon trap: reason=class_check action=maybe_recompile pc=0x000001aa4c4e7bc8 method=jdk.internal.misc.Unsafe.allocateUninitializedArray(Ljava/lang/Class;I)Ljava/lang/Object; @ 51 c2
Event: 1.764 Thread 0x000001aa3d06e4a0 DEOPT PACKING pc=0x000001aa4c4e7bc8 sp=0x0000003ac9efd930
Event: 1.764 Thread 0x000001aa3d06e4a0 DEOPT UNPACKING pc=0x000001aa44a023a3 sp=0x0000003ac9efd8b8 mode 2
Event: 1.876 Thread 0x000001aa5f8e1620 Uncommon trap: trap_request=0xffffff45 fr.pc=0x000001aa4c4c7728 relative=0x0000000000000108
Event: 1.876 Thread 0x000001aa5f8e1620 Uncommon trap: reason=unstable_if action=reinterpret pc=0x000001aa4c4c7728 method=java.lang.CharacterDataLatin1.digit(II)I @ 12 c2
Event: 1.876 Thread 0x000001aa5f8e1620 DEOPT PACKING pc=0x000001aa4c4c7728 sp=0x0000003acbbfece0
Event: 1.876 Thread 0x000001aa5f8e1620 DEOPT UNPACKING pc=0x000001aa44a023a3 sp=0x0000003acbbfeb98 mode 2
Event: 1.901 Thread 0x000001aa5f8e1620 Uncommon trap: trap_request=0xffffff45 fr.pc=0x000001aa4c4c8448 relative=0x00000000000000a8
Event: 1.901 Thread 0x000001aa5f8e1620 Uncommon trap: reason=unstable_if action=reinterpret pc=0x000001aa4c4c8448 method=java.lang.CharacterDataLatin1.digit(II)I @ 12 c2
Event: 1.901 Thread 0x000001aa5f8e1620 DEOPT PACKING pc=0x000001aa4c4c8448 sp=0x0000003acbbfec40
Event: 1.901 Thread 0x000001aa5f8e1620 DEOPT UNPACKING pc=0x000001aa44a023a3 sp=0x0000003acbbfebb8 mode 2
Event: 2.070 Thread 0x000001aa3d06e4a0 DEOPT PACKING pc=0x000001aa450ac0bf sp=0x0000003ac9efa730
Event: 2.070 Thread 0x000001aa3d06e4a0 DEOPT UNPACKING pc=0x000001aa44a02b43 sp=0x0000003ac9ef9bc0 mode 0
Event: 3.888 Thread 0x000001aa3d06e4a0 Uncommon trap: trap_request=0xffffff45 fr.pc=0x000001aa4c4c2350 relative=0x0000000000000e30
Event: 3.888 Thread 0x000001aa3d06e4a0 Uncommon trap: reason=unstable_if action=reinterpret pc=0x000001aa4c4c2350 method=java.util.concurrent.ConcurrentHashMap.putVal(Ljava/lang/Object;Ljava/lang/Object;Z)Ljava/lang/Object; @ 231 c2
Event: 3.888 Thread 0x000001aa3d06e4a0 DEOPT PACKING pc=0x000001aa4c4c2350 sp=0x0000003ac9efedf0
Event: 3.889 Thread 0x000001aa3d06e4a0 DEOPT UNPACKING pc=0x000001aa44a023a3 sp=0x0000003ac9efed60 mode 2

Classes loaded (20 events):
Event: 4.021 Loading class java/util/function/IntBinaryOperator
Event: 4.021 Loading class java/util/function/IntBinaryOperator done
Event: 4.021 Loading class java/util/stream/ReduceOps$6
Event: 4.022 Loading class java/util/stream/ReduceOps$6 done
Event: 4.022 Loading class java/util/stream/ReduceOps$5ReducingSink
Event: 4.022 Loading class java/util/stream/ReduceOps$5ReducingSink done
Event: 4.022 Loading class java/util/stream/ReferencePipeline$4$1
Event: 4.022 Loading class java/util/stream/ReferencePipeline$4$1 done
Event: 4.022 Loading class java/util/stream/SortedOps$SizedRefSortingSink
Event: 4.022 Loading class java/util/stream/SortedOps$AbstractRefSortingSink
Event: 4.022 Loading class java/util/stream/SortedOps$AbstractRefSortingSink done
Event: 4.022 Loading class java/util/stream/SortedOps$SizedRefSortingSink done
Event: 6.224 Loading class java/net/URLEncoder
Event: 6.224 Loading class java/net/URLEncoder done
Event: 6.224 Loading class java/io/CharArrayWriter
Event: 6.224 Loading class java/io/CharArrayWriter done
Event: 6.702 Loading class java/util/stream/SortedOps$RefSortingSink
Event: 6.702 Loading class java/util/stream/SortedOps$RefSortingSink done
Event: 6.705 Loading class sun/misc/SharedSecrets
Event: 6.705 Loading class sun/misc/SharedSecrets done

Classes unloaded (0 events):
No events

Classes redefined (0 events):
No events

Internal exceptions (20 events):
Event: 1.876 Thread 0x000001aa5f8e1620 Exception <a 'java/net/SocketException'{0x00000000899571d8}: Socket is not connected: shutdown> (0x00000000899571d8) 
thrown [s\open\src\hotspot\share\prims\jni.cpp, line 535]
Event: 1.902 Thread 0x000001aa5f8e1620 Exception <a 'java/net/ConnectException'{0x0000000089958240}: Connection refused: no further information> (0x0000000089958240) 
thrown [s\open\src\hotspot\share\prims\jni.cpp, line 535]
Event: 1.902 Thread 0x000001aa5f8e1620 Exception <a 'java/net/SocketException'{0x0000000089958578}: Socket is not connected: shutdown> (0x0000000089958578) 
thrown [s\open\src\hotspot\share\prims\jni.cpp, line 535]
Event: 1.933 Thread 0x000001aa5f8e1620 Exception <a 'java/net/ConnectException'{0x0000000089959510}: Connection refused: no further information> (0x0000000089959510) 
thrown [s\open\src\hotspot\share\prims\jni.cpp, line 535]
Event: 1.933 Thread 0x000001aa5f8e1620 Exception <a 'java/net/SocketException'{0x0000000089959848}: Socket is not connected: shutdown> (0x0000000089959848) 
thrown [s\open\src\hotspot\share\prims\jni.cpp, line 535]
Event: 2.005 Thread 0x000001aa3d06e4a0 Exception <a 'java/lang/NoSuchMethodError'{0x000000008980db20}: 'int java.lang.invoke.DirectMethodHandle$Holder.invokeVirtual(java.lang.Object, java.lang.Object)'> (0x000000008980db20) 
thrown [s\open\src\hotspot\share\interpreter\linkResolver.cpp, line 766]
Event: 2.006 Thread 0x000001aa3d06e4a0 Exception <a 'java/lang/NoSuchMethodError'{0x0000000089814190}: 'double java.lang.invoke.DirectMethodHandle$Holder.invokeVirtual(java.lang.Object, java.lang.Object)'> (0x0000000089814190) 
thrown [s\open\src\hotspot\share\interpreter\linkResolver.cpp, line 766]
Event: 2.006 Thread 0x000001aa3d06e4a0 Exception <a 'java/lang/NoSuchMethodError'{0x000000008981aa88}: 'float java.lang.invoke.DirectMethodHandle$Holder.invokeVirtual(java.lang.Object, java.lang.Object)'> (0x000000008981aa88) 
thrown [s\open\src\hotspot\share\interpreter\linkResolver.cpp, line 766]
Event: 2.008 Thread 0x000001aa3d06e4a0 Exception <a 'java/lang/NoSuchMethodError'{0x0000000089823eb8}: 'long java.lang.invoke.DirectMethodHandle$Holder.invokeVirtual(java.lang.Object, java.lang.Object)'> (0x0000000089823eb8) 
thrown [s\open\src\hotspot\share\interpreter\linkResolver.cpp, line 766]
Event: 2.015 Thread 0x000001aa3d06e4a0 Exception <a 'java/lang/NoSuchMethodError'{0x00000000898641e8}: 'java.lang.Object java.lang.invoke.DirectMethodHandle$Holder.invokeVirtual(java.lang.Object, java.lang.Object, java.lang.Object)'> (0x00000000898641e8) 
thrown [s\open\src\hotspot\share\interpreter\linkResolver.cpp, line 766]
Event: 2.057 Thread 0x000001aa3d06e4a0 Exception <a 'java/lang/NoSuchMethodError'{0x000000008976fb38}: 'void java.lang.invoke.DirectMethodHandle$Holder.invokeSpecial(java.lang.Object, java.lang.Object, java.lang.Object, java.lang.Object, java.lang.Object)'> (0x000000008976fb38) 
thrown [s\open\src\hotspot\share\interpreter\linkResolver.cpp, line 766]
Event: 2.058 Thread 0x000001aa3d06e4a0 Exception <a 'java/lang/NoSuchMethodError'{0x00000000897769d8}: 'void java.lang.invoke.DirectMethodHandle$Holder.invokeStatic(java.lang.Object, java.lang.Object, int)'> (0x00000000897769d8) 
thrown [s\open\src\hotspot\share\interpreter\linkResolver.cpp, line 766]
Event: 2.083 Thread 0x000001aa3d06e4a0 Exception <a 'java/lang/NoSuchMethodError'{0x000000008960dd08}: 'java.lang.Object java.lang.invoke.DirectMethodHandle$Holder.newInvokeSpecial(java.lang.Object, java.lang.Object, java.lang.Object, java.lang.Object, java.lang.Object)'> (0x000000008960dd08) 
thrown [s\open\src\hotspot\share\interpreter\linkResolver.cpp, line 766]
Event: 2.135 Thread 0x000001aa3d06e4a0 Exception <a 'java/lang/NoSuchMethodError'{0x000000008956be10}: 'int java.lang.invoke.DirectMethodHandle$Holder.invokeSpecialIFC(java.lang.Object, java.lang.Object, java.lang.Object)'> (0x000000008956be10) 
thrown [s\open\src\hotspot\share\interpreter\linkResolver.cpp, line 766]
Event: 2.195 Thread 0x000001aa3d06e4a0 Exception <a 'java/lang/NoSuchMethodError'{0x0000000089305428}: 'void java.lang.invoke.DirectMethodHandle$Holder.invokeStatic(java.lang.Object, java.lang.Object, java.lang.Object, java.lang.Object)'> (0x0000000089305428) 
thrown [s\open\src\hotspot\share\interpreter\linkResolver.cpp, line 766]
Event: 2.259 Thread 0x000001aa3d06e4a0 Exception <a 'java/lang/NoSuchMethodError'{0x000000008928d998}: 'void java.lang.invoke.DirectMethodHandle$Holder.invokeSpecial(java.lang.Object, java.lang.Object, java.lang.Object, java.lang.Object, java.lang.Object, java.lang.Object)'> (0x000000008928d998) 
thrown [s\open\src\hotspot\share\interpreter\linkResolver.cpp, line 766]
Event: 2.279 Thread 0x000001aa3d06e4a0 Exception <a 'java/lang/NoSuchMethodError'{0x0000000089109360}: 'long java.lang.invoke.DirectMethodHandle$Holder.invokeInterface(java.lang.Object, java.lang.Object)'> (0x0000000089109360) 
thrown [s\open\src\hotspot\share\interpreter\linkResolver.cpp, line 766]
Event: 2.280 Thread 0x000001aa3d06e4a0 Exception <a 'java/lang/NoSuchMethodError'{0x000000008910e238}: 'long java.lang.invoke.DelegatingMethodHandle$Holder.reinvoke_L(java.lang.Object, java.lang.Object)'> (0x000000008910e238) 
thrown [s\open\src\hotspot\share\interpreter\linkResolver.cpp, line 766]
Event: 3.854 Thread 0x000001aa3d06e4a0 Exception <a 'java/lang/NoSuchMethodError'{0x0000000088a6de18}: 'java.lang.Object java.lang.invoke.DirectMethodHandle$Holder.invokeSpecialIFC(java.lang.Object, java.lang.Object, java.lang.Object)'> (0x0000000088a6de18) 
thrown [s\open\src\hotspot\share\interpreter\linkResolver.cpp, line 766]
Event: 6.705 Thread 0x000001aa3d06e4a0 Exception <a 'java/lang/ClassNotFoundException'{0x000000008853ade0}: sun/misc/SharedSecrets> (0x000000008853ade0) 
thrown [s\open\src\hotspot\share\classfile\systemDictionary.cpp, line 255]

VM Operations (20 events):
Event: 1.074 Executing VM operation: HandshakeAllThreads
Event: 1.074 Executing VM operation: HandshakeAllThreads done
Event: 1.219 Executing VM operation: G1CollectForAllocation
Event: 1.225 Executing VM operation: G1CollectForAllocation done
Event: 1.335 Executing VM operation: HandshakeAllThreads
Event: 1.335 Executing VM operation: HandshakeAllThreads done
Event: 1.753 Executing VM operation: G1CollectForAllocation
Event: 1.760 Executing VM operation: G1CollectForAllocation done
Event: 1.985 Executing VM operation: HandshakeAllThreads
Event: 1.985 Executing VM operation: HandshakeAllThreads done
Event: 1.987 Executing VM operation: HandshakeAllThreads
Event: 1.987 Executing VM operation: HandshakeAllThreads done
Event: 2.991 Executing VM operation: Cleanup
Event: 2.991 Executing VM operation: Cleanup done
Event: 4.002 Executing VM operation: Cleanup
Event: 4.002 Executing VM operation: Cleanup done
Event: 5.014 Executing VM operation: Cleanup
Event: 5.014 Executing VM operation: Cleanup done
Event: 6.023 Executing VM operation: Cleanup
Event: 6.023 Executing VM operation: Cleanup done

Events (20 events):
Event: 0.181 Thread 0x000001aa5ede6ef0 Thread added: 0x000001aa5ede6ef0
Event: 0.234 Loaded shared library C:\Program Files\Java\jdk-18.0.1.1\bin\jimage.dll
Event: 0.939 Thread 0x000001aa5ed58030 Thread added: 0x000001aa5ed58030
Event: 1.136 Loaded shared library C:\Program Files\Java\jdk-18.0.1.1\bin\management.dll
Event: 1.142 Loaded shared library C:\Program Files\Java\jdk-18.0.1.1\bin\management_ext.dll
Event: 1.180 Thread 0x000001aa5ed5df30 Thread added: 0x000001aa5ed5df30
Event: 1.252 Loaded shared library C:\Program Files\Java\jdk-18.0.1.1\bin\sunmscapi.dll
Event: 1.271 Thread 0x000001aa5f46ebf0 Thread added: 0x000001aa5f46ebf0
Event: 1.842 Loaded shared library C:\Program Files\Java\jdk-18.0.1.1\bin\verify.dll
Event: 1.852 Thread 0x000001aa5f97f7c0 Thread added: 0x000001aa5f97f7c0
Event: 1.857 Thread 0x000001aa5f9a8780 Thread added: 0x000001aa5f9a8780
Event: 1.858 Thread 0x000001aa5f8bf0f0 Thread added: 0x000001aa5f8bf0f0
Event: 1.860 Thread 0x000001aa5f8e1620 Thread added: 0x000001aa5f8e1620
Event: 1.864 Thread 0x000001aa5f9b6e90 Thread added: 0x000001aa5f9b6e90
Event: 1.864 Thread 0x000001aa5f97ada0 Thread added: 0x000001aa5f97ada0
Event: 1.931 Thread 0x000001aa5f46ebf0 Thread exited: 0x000001aa5f46ebf0
Event: 1.987 Thread 0x000001aa5f978250 Thread added: 0x000001aa5f978250
Event: 2.391 Thread 0x000001aa5f97a400 Thread added: 0x000001aa5f97a400
Event: 3.919 Thread 0x000001aa5f9790c0 Thread added: 0x000001aa5f9790c0
Event: 3.954 Thread 0x000001aa5f9773e0 Thread added: 0x000001aa5f9773e0


Dynamic libraries:
0x00007ff740b30000 - 0x00007ff740b40000 	C:\Program Files\Java\jdk-18.0.1.1\bin\java.exe
0x00007ffdf4570000 - 0x00007ffdf4768000 	C:\WINDOWS\SYSTEM32\ntdll.dll
0x00007ffdf3370000 - 0x00007ffdf342f000 	C:\WINDOWS\System32\KERNEL32.DLL
0x00007ffdf2040000 - 0x00007ffdf2312000 	C:\WINDOWS\System32\KERNELBASE.dll
0x00007ffdf1d10000 - 0x00007ffdf1e10000 	C:\WINDOWS\System32\ucrtbase.dll
0x00007ffdebff0000 - 0x00007ffdec00a000 	C:\Program Files\Java\jdk-18.0.1.1\bin\VCRUNTIME140.dll
0x00007ffde7db0000 - 0x00007ffde7dc8000 	C:\Program Files\Java\jdk-18.0.1.1\bin\jli.dll
0x00007ffdf3d30000 - 0x00007ffdf3dde000 	C:\WINDOWS\System32\ADVAPI32.dll
0x00007ffdf25e0000 - 0x00007ffdf267e000 	C:\WINDOWS\System32\msvcrt.dll
0x00007ffdf3af0000 - 0x00007ffdf3b8c000 	C:\WINDOWS\System32\sechost.dll
0x00007ffdf3240000 - 0x00007ffdf3365000 	C:\WINDOWS\System32\RPCRT4.dll
0x00007ffdf3b90000 - 0x00007ffdf3d2d000 	C:\WINDOWS\System32\USER32.dll
0x00007ffdf1e10000 - 0x00007ffdf1e32000 	C:\WINDOWS\System32\win32u.dll
0x00007ffddd120000 - 0x00007ffddd3ba000 	C:\WINDOWS\WinSxS\amd64_microsoft.windows.common-controls_6595b64144ccf1df_6.0.19041.1110_none_60b5254171f9507e\COMCTL32.dll
0x00007ffdf3810000 - 0x00007ffdf383b000 	C:\WINDOWS\System32\GDI32.dll
0x00007ffdf1ec0000 - 0x00007ffdf1fcf000 	C:\WINDOWS\System32\gdi32full.dll
0x00007ffdf1c70000 - 0x00007ffdf1d0d000 	C:\WINDOWS\System32\msvcp_win.dll
0x00007ffdec3c0000 - 0x00007ffdec3ca000 	C:\WINDOWS\SYSTEM32\VERSION.dll
0x00007ffdf3110000 - 0x00007ffdf3142000 	C:\WINDOWS\System32\IMM32.DLL
0x00007ffdebbf0000 - 0x00007ffdebbfc000 	C:\Program Files\Java\jdk-18.0.1.1\bin\vcruntime140_1.dll
0x00007ffde4640000 - 0x00007ffde46cd000 	C:\Program Files\Java\jdk-18.0.1.1\bin\msvcp140.dll
0x00007ffdb6a00000 - 0x00007ffdb7610000 	C:\Program Files\Java\jdk-18.0.1.1\bin\server\jvm.dll
0x00007ffdf38a0000 - 0x00007ffdf38a8000 	C:\WINDOWS\System32\PSAPI.DLL
0x00007ffdeb600000 - 0x00007ffdeb627000 	C:\WINDOWS\SYSTEM32\WINMM.dll
0x00007ffdeaf00000 - 0x00007ffdeaf09000 	C:\WINDOWS\SYSTEM32\WSOCK32.dll
0x00007ffdf3430000 - 0x00007ffdf349b000 	C:\WINDOWS\System32\WS2_32.dll
0x00007ffdf04c0000 - 0x00007ffdf04d2000 	C:\WINDOWS\SYSTEM32\kernel.appcore.dll
0x00007ffdea070000 - 0x00007ffdea07a000 	C:\Program Files\Java\jdk-18.0.1.1\bin\jimage.dll
0x00007ffde8640000 - 0x00007ffde8824000 	C:\WINDOWS\SYSTEM32\DBGHELP.DLL
0x00007ffde8370000 - 0x00007ffde839c000 	C:\WINDOWS\SYSTEM32\dbgcore.DLL
0x00007ffdf2530000 - 0x00007ffdf25b2000 	C:\WINDOWS\System32\bcryptPrimitives.dll
0x00007ffdeb310000 - 0x00007ffdeb31e000 	C:\Program Files\Java\jdk-18.0.1.1\bin\instrument.dll
0x00007ffde5990000 - 0x00007ffde59b5000 	C:\Program Files\Java\jdk-18.0.1.1\bin\java.dll
0x00007ffdd1da0000 - 0x00007ffdd1e76000 	C:\Program Files\Java\jdk-18.0.1.1\bin\jsvml.dll
0x00007ffdf3de0000 - 0x00007ffdf4523000 	C:\WINDOWS\System32\SHELL32.dll
0x00007ffdefd10000 - 0x00007ffdf04a2000 	C:\WINDOWS\SYSTEM32\windows.storage.dll
0x00007ffdf34a0000 - 0x00007ffdf37f4000 	C:\WINDOWS\System32\combase.dll
0x00007ffdf15f0000 - 0x00007ffdf1620000 	C:\WINDOWS\SYSTEM32\Wldp.dll
0x00007ffdf2870000 - 0x00007ffdf291d000 	C:\WINDOWS\System32\SHCORE.dll
0x00007ffdf2730000 - 0x00007ffdf2785000 	C:\WINDOWS\System32\shlwapi.dll
0x00007ffdf1bb0000 - 0x00007ffdf1bcf000 	C:\WINDOWS\SYSTEM32\profapi.dll
0x00007ffde7d90000 - 0x00007ffde7da8000 	C:\Program Files\Java\jdk-18.0.1.1\bin\zip.dll
0x00007ffde5900000 - 0x00007ffde5913000 	C:\Program Files\Java\jdk-18.0.1.1\bin\net.dll
0x00007ffde8530000 - 0x00007ffde863c000 	C:\WINDOWS\SYSTEM32\WINHTTP.dll
0x00007ffdf1350000 - 0x00007ffdf13ba000 	C:\WINDOWS\system32\mswsock.dll
0x00007ffde58c0000 - 0x00007ffde58d6000 	C:\Program Files\Java\jdk-18.0.1.1\bin\nio.dll
0x00007ffddca30000 - 0x00007ffddca4a000 	C:\Program Files\JetBrains\IntelliJ IDEA Community Edition 2022.2.3\bin\breakgen64.dll
0x00007ffdf1080000 - 0x00007ffdf114a000 	C:\WINDOWS\SYSTEM32\DNSAPI.dll
0x00007ffdf1040000 - 0x00007ffdf107b000 	C:\WINDOWS\SYSTEM32\IPHLPAPI.DLL
0x00007ffdf3930000 - 0x00007ffdf3938000 	C:\WINDOWS\System32\NSI.dll
0x00007ffde8db0000 - 0x00007ffde8dba000 	C:\Windows\System32\rasadhlp.dll
0x00007ffde9790000 - 0x00007ffde9810000 	C:\WINDOWS\System32\fwpuclnt.dll
0x00007ffdf1e90000 - 0x00007ffdf1eb7000 	C:\WINDOWS\System32\bcrypt.dll
0x00007ffdf1550000 - 0x00007ffdf1568000 	C:\WINDOWS\SYSTEM32\CRYPTSP.dll
0x00007ffdf0c70000 - 0x00007ffdf0ca4000 	C:\WINDOWS\system32\rsaenh.dll
0x00007ffdf1b70000 - 0x00007ffdf1b9e000 	C:\WINDOWS\SYSTEM32\USERENV.dll
0x00007ffdf1540000 - 0x00007ffdf154c000 	C:\WINDOWS\SYSTEM32\CRYPTBASE.dll
0x00007ffde8f00000 - 0x00007ffde8f17000 	C:\WINDOWS\SYSTEM32\dhcpcsvc6.DLL
0x00007ffde9750000 - 0x00007ffde976d000 	C:\WINDOWS\SYSTEM32\dhcpcsvc.DLL
0x00007ffdee7f0000 - 0x00007ffdee881000 	C:\WINDOWS\system32\apphelp.dll
0x00007ffde53a0000 - 0x00007ffde53a9000 	C:\Program Files\Java\jdk-18.0.1.1\bin\management.dll
0x00007ffde3260000 - 0x00007ffde326b000 	C:\Program Files\Java\jdk-18.0.1.1\bin\management_ext.dll
0x00007ffde1dd0000 - 0x00007ffde1dde000 	C:\Program Files\Java\jdk-18.0.1.1\bin\sunmscapi.dll
0x00007ffdf2320000 - 0x00007ffdf2476000 	C:\WINDOWS\System32\CRYPT32.dll
0x00007ffdf1660000 - 0x00007ffdf1687000 	C:\WINDOWS\SYSTEM32\ncrypt.dll
0x00007ffdf1620000 - 0x00007ffdf165b000 	C:\WINDOWS\SYSTEM32\NTASN1.dll
0x00007ffde5980000 - 0x00007ffde5990000 	C:\Program Files\Java\jdk-18.0.1.1\bin\verify.dll

dbghelp: loaded successfully - version: 4.0.5 - missing functions: none
symbol engine: initialized successfully - sym options: 0x614 - pdb path: .;C:\Program Files\Java\jdk-18.0.1.1\bin;C:\WINDOWS\SYSTEM32;C:\WINDOWS\WinSxS\amd64_microsoft.windows.common-controls_6595b64144ccf1df_6.0.19041.1110_none_60b5254171f9507e;C:\Program Files\Java\jdk-18.0.1.1\bin\server;C:\Program Files\JetBrains\IntelliJ IDEA Community Edition 2022.2.3\bin

VM Arguments:
jvm_args: -javaagent:C:\Program Files\JetBrains\IntelliJ IDEA Community Edition 2022.2.3\lib\idea_rt.jar=57147:C:\Program Files\JetBrains\IntelliJ IDEA Community Edition 2022.2.3\bin -Dfile.encoding=UTF-8 -Dsun.stdout.encoding=UTF-8 -Dsun.stderr.encoding=UTF-8 
java_command: automatizare.mihai.delazero
java_class_path (initial): C:\Users\iahim\IdeaProjects\Mihai\out\production\Mihai;F:\Descarcari\selenium-server-4.6.0.jar;C:\Users\iahim\Downloads\testng-6.7.jar
Launcher Type: SUN_STANDARD

[Global flags]
     intx CICompilerCount                          = 3                                         {product} {ergonomic}
     uint ConcGCThreads                            = 1                                         {product} {ergonomic}
     uint G1ConcRefinementThreads                  = 4                                         {product} {ergonomic}
   size_t G1HeapRegionSize                         = 1048576                                   {product} {ergonomic}
    uintx GCDrainStackTargetSize                   = 64                                        {product} {ergonomic}
   size_t InitialHeapSize                          = 134217728                                 {product} {ergonomic}
   size_t MarkStackSize                            = 4194304                                   {product} {ergonomic}
   size_t MaxHeapSize                              = 2118123520                                {product} {ergonomic}
   size_t MaxNewSize                               = 1270874112                                {product} {ergonomic}
   size_t MinHeapDeltaBytes                        = 1048576                                   {product} {ergonomic}
   size_t MinHeapSize                              = 8388608                                   {product} {ergonomic}
    uintx NonNMethodCodeHeapSize                   = 5832780                                {pd product} {ergonomic}
    uintx NonProfiledCodeHeapSize                  = 122912730                              {pd product} {ergonomic}
    uintx ProfiledCodeHeapSize                     = 122912730                              {pd product} {ergonomic}
    uintx ReservedCodeCacheSize                    = 251658240                              {pd product} {ergonomic}
     bool SegmentedCodeCache                       = true                                      {product} {ergonomic}
   size_t SoftMaxHeapSize                          = 2118123520                             {manageable} {ergonomic}
     bool UseCompressedClassPointers               = true                           {product lp64_product} {ergonomic}
     bool UseCompressedOops                        = true                           {product lp64_product} {ergonomic}
     bool UseG1GC                                  = true                                      {product} {ergonomic}
     bool UseLargePagesIndividualAllocation        = false                                  {pd product} {ergonomic}

Logging:
Log output configuration:
 #0: stdout all=warning uptime,level,tags foldmultilines=false
 #1: stderr all=off uptime,level,tags foldmultilines=false

Environment Variables:
JAVA_HOME=C:\Program Files\Java\jdk-18.0.1.1
PATH=C:\Program Files\Common Files\Oracle\Java\javapath;C:\Program Files (x86)\Common Files\Oracle\Java\javapath;C:\WINDOWS\system32;C:\WINDOWS;C:\WINDOWS\System32\Wbem;C:\WINDOWS\System32\WindowsPowerShell\v1.0\;C:\WINDOWS\System32\OpenSSH\;C:\Program Files\SafeNet\Authentication\SAC\x64;C:\Program Files\SafeNet\Authentication\SAC\x32;C:\Users\iahim\AppData\Local\Microsoft\WindowsApps;;%USERPROFILE%\AppData\Local\Microsoft\WindowsApps
USERNAME=iahim
OS=Windows_NT
PROCESSOR_IDENTIFIER=Intel64 Family 6 Model 78 Stepping 3, GenuineIntel



---------------  S Y S T E M  ---------------

OS:
 Windows 10 , 64 bit Build 19041 (10.0.19041.2251)
OS uptime: 16 days 15:10 hours

CPU: total 4 (initial active 4) (2 cores per cpu, 2 threads per core) family 6 model 78 stepping 3 microcode 0xcc, cx8, cmov, fxsr, ht, mmx, 3dnowpref, sse, sse2, sse3, ssse3, sse4.1, sse4.2, popcnt, lzcnt, tsc, tscinvbit, avx, avx2, aes, erms, clmul, bmi1, bmi2, adx, fma, vzeroupper, clflush, clflushopt

Memory: 4k page, system-wide physical 8075M (551M free)
TotalPageFile size 24324M (AvailPageFile size 0M)
current process WorkingSet (physical memory assigned to process): 112M, peak: 112M
current process commit charge ("private bytes"): 244M, peak: 244M

vm_info: Java HotSpot(TM) 64-Bit Server VM (18.0.1.1+2-6) for windows-amd64 JRE (18.0.1.1+2-6), built on Apr 25 2022 21:53:15 by "mach5one" with MS VC++ 16.8 / 16.9 (VS2019)

END.
